<?xml version="1.0" encoding="UTF-8"?>
<coverage generated="1637228735011" clover="3.2.0">
  <project timestamp="1637228735011" name="All files">
    <metrics statements="21" coveredstatements="16" conditionals="6" coveredconditionals="3" methods="8" coveredmethods="6" elements="35" coveredelements="25" complexity="0" loc="21" ncloc="21" packages="1" files="2" classes="2"/>
    <file name="countComments.js" path="C:\Users\Admin\Desktop\JavaScript-Capstone\src\countComments.js">
      <metrics statements="10" coveredstatements="8" conditionals="2" coveredconditionals="1" methods="4" coveredmethods="3"/>
      <line num="3" count="1" type="stmt"/>
      <line num="5" count="1" type="stmt"/>
      <line num="7" count="2" type="stmt"/>
      <line num="8" count="2" type="stmt"/>
      <line num="10" count="2" type="cond" truecount="1" falsecount="1"/>
      <line num="11" count="0" type="stmt"/>
      <line num="12" count="2" type="stmt"/>
      <line num="14" count="0" type="stmt"/>
      <line num="15" count="2" type="stmt"/>
      <line num="20" count="1" type="stmt"/>
    </file>
    <file name="sendCommments.js" path="C:\Users\Admin\Desktop\JavaScript-Capstone\src\sendCommments.js">
      <metrics statements="11" coveredstatements="8" conditionals="4" coveredconditionals="2" methods="4" coveredmethods="3"/>
      <line num="3" count="1" type="stmt"/>
      <line num="4" count="1" type="stmt"/>
      <line num="6" count="2" type="cond" truecount="1" falsecount="1"/>
      <line num="7" count="2" type="stmt"/>
      <line num="18" count="2" type="stmt"/>
      <line num="20" count="2" type="cond" truecount="1" falsecount="1"/>
      <line num="21" count="2" type="stmt"/>
      <line num="23" count="0" type="stmt"/>
      <line num="25" count="0" type="stmt"/>
      <line num="27" count="0" type="stmt"/>
      <line num="29" count="2" type="stmt"/>
    </file>
  </project>
</coverage>
