{"C:\\Users\\Admin\\Desktop\\JavaScript-Capstone\\src\\countComments.js": {"path":"C:\\Users\\Admin\\Desktop\\JavaScript-Capstone\\src\\countComments.js","statementMap":{"0":{"start":{"line":3,"column":23},"end":{"line":3,"column":127}},"1":{"start":{"line":5,"column":22},"end":{"line":16,"column":1}},"2":{"start":{"line":7,"column":19},"end":{"line":14,"column":24}},"3":{"start":{"line":8,"column":19},"end":{"line":8,"column":29}},"4":{"start":{"line":10,"column":6},"end":{"line":12,"column":7}},"5":{"start":{"line":11,"column":8},"end":{"line":11,"column":17}},"6":{"start":{"line":12,"column":8},"end":{"line":12,"column":29}},"7":{"start":{"line":14,"column":20},"end":{"line":14,"column":23}},"8":{"start":{"line":15,"column":2},"end":{"line":15,"column":18}},"9":{"start":{"line":20,"column":0},"end":{"line":20,"column":31}}},"fnMap":{"0":{"name":"(anonymous_0)","decl":{"start":{"line":5,"column":22},"end":{"line":5,"column":23}},"loc":{"start":{"line":5,"column":36},"end":{"line":16,"column":1}},"line":5},"1":{"name":"(anonymous_1)","decl":{"start":{"line":8,"column":10},"end":{"line":8,"column":11}},"loc":{"start":{"line":8,"column":19},"end":{"line":8,"column":29}},"line":8},"2":{"name":"(anonymous_2)","decl":{"start":{"line":9,"column":10},"end":{"line":9,"column":11}},"loc":{"start":{"line":9,"column":22},"end":{"line":13,"column":5}},"line":9},"3":{"name":"(anonymous_3)","decl":{"start":{"line":14,"column":11},"end":{"line":14,"column":12}},"loc":{"start":{"line":14,"column":20},"end":{"line":14,"column":23}},"line":14}},"branchMap":{"0":{"loc":{"start":{"line":10,"column":6},"end":{"line":12,"column":7}},"type":"if","locations":[{"start":{"line":10,"column":6},"end":{"line":12,"column":7}},{"start":{},"end":{}}],"line":10}},"s":{"0":1,"1":1,"2":2,"3":2,"4":2,"5":0,"6":2,"7":0,"8":2,"9":1},"f":{"0":2,"1":2,"2":2,"3":0},"b":{"0":[0,2]},"_coverageSchema":"1a1c01bbd47fc00a2c39e90264f33305004495a9","hash":"96a15069989e27355e4ea9117124cbe365a379cd"}
,"C:\\Users\\Admin\\Desktop\\JavaScript-Capstone\\src\\sendCommments.js": {"path":"C:\\Users\\Admin\\Desktop\\JavaScript-Capstone\\src\\sendCommments.js","statementMap":{"0":{"start":{"line":3,"column":23},"end":{"line":3,"column":127}},"1":{"start":{"line":4,"column":21},"end":{"line":30,"column":1}},"2":{"start":{"line":6,"column":2},"end":{"line":28,"column":3}},"3":{"start":{"line":7,"column":4},"end":{"line":25,"column":56}},"4":{"start":{"line":18,"column":26},"end":{"line":18,"column":41}},"5":{"start":{"line":20,"column":8},"end":{"line":22,"column":9}},"6":{"start":{"line":21,"column":10},"end":{"line":21,"column":48}},"7":{"start":{"line":23,"column":8},"end":{"line":23,"column":45}},"8":{"start":{"line":25,"column":25},"end":{"line":25,"column":53}},"9":{"start":{"line":27,"column":4},"end":{"line":27,"column":51}},"10":{"start":{"line":29,"column":2},"end":{"line":29,"column":18}}},"fnMap":{"0":{"name":"(anonymous_0)","decl":{"start":{"line":4,"column":21},"end":{"line":4,"column":22}},"loc":{"start":{"line":4,"column":54},"end":{"line":30,"column":1}},"line":4},"1":{"name":"(anonymous_1)","decl":{"start":{"line":18,"column":12},"end":{"line":18,"column":13}},"loc":{"start":{"line":18,"column":26},"end":{"line":18,"column":41}},"line":18},"2":{"name":"(anonymous_2)","decl":{"start":{"line":19,"column":12},"end":{"line":19,"column":13}},"loc":{"start":{"line":19,"column":24},"end":{"line":24,"column":7}},"line":19},"3":{"name":"(anonymous_3)","decl":{"start":{"line":25,"column":13},"end":{"line":25,"column":14}},"loc":{"start":{"line":25,"column":25},"end":{"line":25,"column":53}},"line":25}},"branchMap":{"0":{"loc":{"start":{"line":6,"column":2},"end":{"line":28,"column":3}},"type":"if","locations":[{"start":{"line":6,"column":2},"end":{"line":28,"column":3}},{"start":{"line":26,"column":9},"end":{"line":28,"column":3}}],"line":6},"1":{"loc":{"start":{"line":20,"column":8},"end":{"line":22,"column":9}},"type":"if","locations":[{"start":{"line":20,"column":8},"end":{"line":22,"column":9}},{"start":{},"end":{}}],"line":20}},"s":{"0":1,"1":1,"2":2,"3":2,"4":2,"5":2,"6":2,"7":0,"8":0,"9":0,"10":2},"f":{"0":2,"1":2,"2":2,"3":0},"b":{"0":[2,0],"1":[2,0]},"_coverageSchema":"1a1c01bbd47fc00a2c39e90264f33305004495a9","hash":"e0ad9198f629e17a710ce93a31fe2903cc074d82"}
}
